0 info it worked if it ends with ok
1 verbose cli [ '/home/kurama/.nvm/v0.11.13/bin/node',
1 verbose cli   '/home/kurama/.nvm/v0.11.13/bin/npm',
1 verbose cli   'install',
1 verbose cli   '-g',
1 verbose cli   'generator-angular-fullstack' ]
2 info using npm@1.4.9
3 info using node@v0.11.13
4 verbose cache add [ 'generator-angular-fullstack', null ]
5 verbose cache add name=undefined spec="generator-angular-fullstack" args=["generator-angular-fullstack",null]
6 verbose parsed url { protocol: null,
6 verbose parsed url   slashes: null,
6 verbose parsed url   auth: null,
6 verbose parsed url   host: null,
6 verbose parsed url   port: null,
6 verbose parsed url   hostname: null,
6 verbose parsed url   hash: null,
6 verbose parsed url   search: null,
6 verbose parsed url   query: null,
6 verbose parsed url   pathname: 'generator-angular-fullstack',
6 verbose parsed url   path: 'generator-angular-fullstack',
6 verbose parsed url   href: 'generator-angular-fullstack' }
7 silly lockFile 41fe2745-generator-angular-fullstack generator-angular-fullstack
8 verbose lock generator-angular-fullstack /home/kurama/.npm/41fe2745-generator-angular-fullstack.lock
9 silly lockFile 41fe2745-generator-angular-fullstack generator-angular-fullstack
10 silly lockFile 41fe2745-generator-angular-fullstack generator-angular-fullstack
11 verbose addNamed [ 'generator-angular-fullstack', '' ]
12 verbose addNamed [ null, '*' ]
13 silly lockFile 8bc0e010-generator-angular-fullstack generator-angular-fullstack@
14 verbose lock generator-angular-fullstack@ /home/kurama/.npm/8bc0e010-generator-angular-fullstack.lock
15 silly addNameRange { name: 'generator-angular-fullstack',
15 silly addNameRange   range: '*',
15 silly addNameRange   hasData: false }
16 verbose url raw generator-angular-fullstack
17 verbose url resolving [ 'https://registry.npmjs.org/',
17 verbose url resolving   './generator-angular-fullstack' ]
18 verbose url resolved https://registry.npmjs.org/generator-angular-fullstack
19 info trying registry request attempt 1 at 11:05:58
20 http GET https://registry.npmjs.org/generator-angular-fullstack
21 http 200 https://registry.npmjs.org/generator-angular-fullstack
22 silly registry.get cb [ 200,
22 silly registry.get   { date: 'Tue, 28 Oct 2014 15:35:59 GMT',
22 silly registry.get     server: 'CouchDB/1.5.0 (Erlang OTP/R16B03)',
22 silly registry.get     etag: '"68R5RGMVE07F5WLTVEZAKG45O"',
22 silly registry.get     'content-type': 'application/json',
22 silly registry.get     'cache-control': 'max-age=60',
22 silly registry.get     'content-length': '80939',
22 silly registry.get     'accept-ranges': 'bytes',
22 silly registry.get     via: '1.1 varnish',
22 silly registry.get     age: '0',
22 silly registry.get     'x-served-by': 'cache-iad2124-IAD',
22 silly registry.get     'x-cache': 'MISS',
22 silly registry.get     'x-cache-hits': '0',
22 silly registry.get     'x-timer': 'S1414510559.173401,VS0,VE352',
22 silly registry.get     vary: 'Accept',
22 silly registry.get     connection: 'close' } ]
23 silly addNameRange number 2 { name: 'generator-angular-fullstack',
23 silly addNameRange   range: '*',
23 silly addNameRange   hasData: true }
24 silly addNameRange versions [ 'generator-angular-fullstack',
24 silly addNameRange   [ '0.0.1',
24 silly addNameRange     '0.0.2',
24 silly addNameRange     '0.0.3',
24 silly addNameRange     '0.0.4',
24 silly addNameRange     '0.0.5',
24 silly addNameRange     '0.1.0',
24 silly addNameRange     '0.2.0',
24 silly addNameRange     '1.0.0',
24 silly addNameRange     '1.0.1',
24 silly addNameRange     '1.1.0',
24 silly addNameRange     '1.1.1',
24 silly addNameRange     '1.2.0',
24 silly addNameRange     '1.2.1',
24 silly addNameRange     '1.2.2',
24 silly addNameRange     '1.2.3',
24 silly addNameRange     '1.2.4',
24 silly addNameRange     '1.2.5',
24 silly addNameRange     '1.2.6',
24 silly addNameRange     '1.2.7',
24 silly addNameRange     '1.3.0',
24 silly addNameRange     '1.3.1',
24 silly addNameRange     '1.3.2',
24 silly addNameRange     '1.3.3',
24 silly addNameRange     '1.4.0',
24 silly addNameRange     '1.4.1',
24 silly addNameRange     '1.4.2',
24 silly addNameRange     '1.4.3',
24 silly addNameRange     '2.0.0-rc1',
24 silly addNameRange     '2.0.0',
24 silly addNameRange     '2.0.1',
24 silly addNameRange     '2.0.2',
24 silly addNameRange     '2.0.3',
24 silly addNameRange     '2.0.4',
24 silly addNameRange     '2.0.5',
24 silly addNameRange     '2.0.6',
24 silly addNameRange     '2.0.7',
24 silly addNameRange     '2.0.8',
24 silly addNameRange     '2.0.9',
24 silly addNameRange     '2.0.10',
24 silly addNameRange     '2.0.11',
24 silly addNameRange     '2.0.12',
24 silly addNameRange     '2.0.13' ] ]
25 verbose addNamed [ 'generator-angular-fullstack', '2.0.13' ]
26 verbose addNamed [ '2.0.13', '2.0.13' ]
27 silly lockFile ad937c6d-nerator-angular-fullstack-2-0-13 generator-angular-fullstack@2.0.13
28 verbose lock generator-angular-fullstack@2.0.13 /home/kurama/.npm/ad937c6d-nerator-angular-fullstack-2-0-13.lock
29 silly lockFile 14910ca5-tor-angular-fullstack-2-0-13-tgz https://registry.npmjs.org/generator-angular-fullstack/-/generator-angular-fullstack-2.0.13.tgz
30 verbose lock https://registry.npmjs.org/generator-angular-fullstack/-/generator-angular-fullstack-2.0.13.tgz /home/kurama/.npm/14910ca5-tor-angular-fullstack-2-0-13-tgz.lock
31 verbose addRemoteTarball [ 'https://registry.npmjs.org/generator-angular-fullstack/-/generator-angular-fullstack-2.0.13.tgz',
31 verbose addRemoteTarball   '866333e9ca1e557336342b57b585582f65dd61bb' ]
32 info retry fetch attempt 1 at 11:05:59
33 verbose fetch to= /home/kurama/tmp/npm-21797-uYPDD35B/1414510559914-0.5214272900484502/tmp.tgz
34 http GET https://registry.npmjs.org/generator-angular-fullstack/-/generator-angular-fullstack-2.0.13.tgz
35 http 200 https://registry.npmjs.org/generator-angular-fullstack/-/generator-angular-fullstack-2.0.13.tgz
36 verbose tar unpack /home/kurama/tmp/npm-21797-uYPDD35B/1414510559914-0.5214272900484502/tmp.tgz
37 silly lockFile ca59d08a-angular-fullstack-2-0-13-package tar:///home/kurama/.npm/generator-angular-fullstack/2.0.13/package
38 verbose lock tar:///home/kurama/.npm/generator-angular-fullstack/2.0.13/package /home/kurama/.npm/ca59d08a-angular-fullstack-2-0-13-package.lock
39 silly lockFile 882597e1-59914-0-5214272900484502-tmp-tgz tar:///home/kurama/tmp/npm-21797-uYPDD35B/1414510559914-0.5214272900484502/tmp.tgz
40 verbose lock tar:///home/kurama/tmp/npm-21797-uYPDD35B/1414510559914-0.5214272900484502/tmp.tgz /home/kurama/.npm/882597e1-59914-0-5214272900484502-tmp-tgz.lock
41 silly gunzTarPerm modes [ '755', '644' ]
42 silly gunzTarPerm extractEntry package.json
43 silly gunzTarPerm extractEntry .npmignore
44 silly gunzTarPerm extractEntry util.js
45 silly gunzTarPerm extractEntry Gruntfile.js
46 silly gunzTarPerm extractEntry script-base.js
47 silly gunzTarPerm extractEntry CHANGELOG.md
48 silly gunzTarPerm extractEntry .editorconfig
49 silly gunzTarPerm extractEntry app/index.js
50 silly gunzTarPerm extractEntry app/USAGE
51 silly gunzTarPerm extractEntry app/templates/Gruntfile.js
52 silly gunzTarPerm extractEntry app/templates/karma.conf.js
53 silly gunzTarPerm extractEntry app/templates/protractor.conf.js
54 silly gunzTarPerm extractEntry app/templates/_bower.json
55 silly gunzTarPerm extractEntry app/templates/.travis.yml
56 silly gunzTarPerm extractEntry app/templates/.bowerrc
57 silly gunzTarPerm extractEntry app/templates/_.gitignore
58 silly gunzTarPerm extractEntry app/templates/.buildignore
59 silly gunzTarPerm extractEntry app/templates/_package.json
60 silly gunzTarPerm extractEntry app/templates/client/.htaccess
61 silly gunzTarPerm extractEntry app/templates/client/.jshintrc
62 silly gunzTarPerm extractEntry app/templates/client/app/app(js).js
63 silly gunzTarPerm extractEntry app/templates/client/app/account(auth)/account(js).js
64 silly gunzTarPerm extractEntry app/templates/client/app/account(auth)/account(coffee).coffee
65 silly gunzTarPerm extractEntry app/templates/client/app/account(auth)/login/login.controller(js).js
66 silly gunzTarPerm extractEntry app/templates/client/app/account(auth)/login/login(css).css
67 silly gunzTarPerm extractEntry app/templates/client/app/account(auth)/login/login(html).html
68 silly gunzTarPerm extractEntry app/templates/client/app/account(auth)/login/login(jade).jade
69 silly gunzTarPerm extractEntry app/templates/client/app/account(auth)/login/login(less).less
70 silly gunzTarPerm extractEntry app/templates/client/app/account(auth)/login/login(sass).scss
71 silly gunzTarPerm extractEntry app/templates/client/app/account(auth)/login/login(stylus).styl
72 silly gunzTarPerm extractEntry app/templates/client/app/account(auth)/login/login.controller(coffee).coffee
73 silly gunzTarPerm extractEntry app/templates/client/app/account(auth)/settings/settings.controller(js).js
74 silly gunzTarPerm extractEntry app/templates/client/app/account(auth)/settings/settings(html).html
75 silly gunzTarPerm extractEntry app/templates/client/app/account(auth)/settings/settings(jade).jade
76 silly gunzTarPerm extractEntry app/templates/client/app/account(auth)/settings/settings.controller(coffee).coffee
77 silly gunzTarPerm extractEntry app/templates/client/app/account(auth)/signup/signup.controller(js).js
78 silly gunzTarPerm extractEntry app/templates/client/app/account(auth)/signup/signup(html).html
79 silly gunzTarPerm extractEntry app/templates/client/app/account(auth)/signup/signup(jade).jade
80 silly gunzTarPerm extractEntry app/templates/client/app/account(auth)/signup/signup.controller(coffee).coffee
81 silly gunzTarPerm extractEntry app/templates/client/app/admin(auth)/admin(js).js
82 silly gunzTarPerm extractEntry app/templates/client/app/admin(auth)/admin.controller(js).js
83 silly gunzTarPerm extractEntry app/templates/client/app/admin(auth)/admin(coffee).coffee
84 silly gunzTarPerm extractEntry app/templates/client/app/admin(auth)/admin(css).css
85 silly gunzTarPerm extractEntry app/templates/client/app/admin(auth)/admin(html).html
86 silly gunzTarPerm extractEntry app/templates/client/app/admin(auth)/admin(jade).jade
87 silly gunzTarPerm extractEntry app/templates/client/app/admin(auth)/admin(less).less
88 silly gunzTarPerm extractEntry app/templates/client/app/admin(auth)/admin(sass).scss
89 silly gunzTarPerm extractEntry app/templates/client/app/admin(auth)/admin(stylus).styl
90 silly gunzTarPerm extractEntry app/templates/client/app/admin(auth)/admin.controller(coffee).coffee
91 silly gunzTarPerm extractEntry app/templates/client/app/app(coffee).coffee
92 silly gunzTarPerm extractEntry app/templates/client/app/app(css).css
93 silly gunzTarPerm extractEntry app/templates/client/app/app(less).less
94 silly gunzTarPerm extractEntry app/templates/client/app/app(sass).scss
95 silly gunzTarPerm extractEntry app/templates/client/app/app(stylus).styl
96 silly gunzTarPerm extractEntry app/templates/client/app/main/main.controller.spec(js).js
97 silly gunzTarPerm extractEntry app/templates/client/app/main/main(js).js
98 silly gunzTarPerm extractEntry app/templates/client/app/main/main.controller(js).js
99 silly gunzTarPerm extractEntry app/templates/client/app/main/main(jade).jade
100 silly gunzTarPerm extractEntry app/templates/client/app/main/main(coffee).coffee
101 silly gunzTarPerm extractEntry app/templates/client/app/main/main(less).less
102 silly gunzTarPerm extractEntry app/templates/client/app/main/main(css).css
103 silly gunzTarPerm extractEntry app/templates/client/app/main/main(stylus).styl
104 silly gunzTarPerm extractEntry app/templates/client/app/main/main.controller(coffee).coffee
105 silly gunzTarPerm extractEntry app/templates/client/app/main/main(html).html
106 silly gunzTarPerm extractEntry app/templates/client/app/main/main.controller.spec(coffee).coffee
107 silly gunzTarPerm extractEntry app/templates/client/app/main/main(sass).scss
108 silly gunzTarPerm extractEntry app/templates/client/assets/images/!yeoman.png
109 silly gunzTarPerm extractEntry app/templates/client/components/auth(auth)/auth.service(js).js
110 silly gunzTarPerm extractEntry app/templates/client/components/auth(auth)/user.service(js).js
111 silly gunzTarPerm extractEntry app/templates/client/components/auth(auth)/auth.service(coffee).coffee
112 silly gunzTarPerm extractEntry app/templates/client/components/auth(auth)/user.service(coffee).coffee
113 silly gunzTarPerm extractEntry app/templates/client/components/modal(uibootstrap)/modal.service(js).js
114 silly gunzTarPerm extractEntry app/templates/client/components/modal(uibootstrap)/modal(css).css
115 silly gunzTarPerm extractEntry app/templates/client/components/modal(uibootstrap)/modal(html).html
116 silly gunzTarPerm extractEntry app/templates/client/components/modal(uibootstrap)/modal(jade).jade
117 silly gunzTarPerm extractEntry app/templates/client/components/modal(uibootstrap)/modal(less).less
118 silly gunzTarPerm extractEntry app/templates/client/components/modal(uibootstrap)/modal(sass).scss
119 silly gunzTarPerm extractEntry app/templates/client/components/modal(uibootstrap)/modal(stylus).styl
120 silly gunzTarPerm extractEntry app/templates/client/components/modal(uibootstrap)/modal.service(coffee).coffee
121 silly gunzTarPerm extractEntry app/templates/client/components/mongoose-error(auth)/mongoose-error.directive(js).js
122 silly gunzTarPerm extractEntry app/templates/client/components/mongoose-error(auth)/mongoose-error.directive(coffee).coffee
123 silly gunzTarPerm extractEntry app/templates/client/components/navbar/navbar.controller(js).js
124 silly gunzTarPerm extractEntry app/templates/client/components/navbar/navbar(html).html
125 silly gunzTarPerm extractEntry app/templates/client/components/navbar/navbar(jade).jade
126 silly gunzTarPerm extractEntry app/templates/client/components/navbar/navbar.controller(coffee).coffee
127 silly gunzTarPerm extractEntry app/templates/client/components/socket(socketio)/socket.mock.js
128 silly gunzTarPerm extractEntry app/templates/client/components/socket(socketio)/socket.service.js
129 silly gunzTarPerm extractEntry app/templates/client/components/socket(socketio)/socket.mock(coffee).coffee
130 silly gunzTarPerm extractEntry app/templates/client/components/socket(socketio)/socket.service(coffee).coffee
131 silly gunzTarPerm extractEntry app/templates/client/favicon.ico
132 silly gunzTarPerm extractEntry app/templates/client/index.html
133 silly gunzTarPerm extractEntry app/templates/client/robots.txt
134 silly gunzTarPerm extractEntry app/templates/e2e/main/main.po.js
135 silly gunzTarPerm extractEntry app/templates/e2e/main/main.spec.js
136 silly gunzTarPerm extractEntry app/templates/.editorconfig
137 silly gunzTarPerm extractEntry app/templates/.gitattributes
138 silly gunzTarPerm extractEntry app/templates/server/app.js
139 silly gunzTarPerm extractEntry app/templates/server/routes.js
140 silly gunzTarPerm extractEntry app/templates/server/.jshintrc
141 silly gunzTarPerm extractEntry app/templates/server/.jshintrc-spec
142 silly gunzTarPerm extractEntry app/templates/server/api/thing/index.js
143 silly gunzTarPerm extractEntry app/templates/server/api/thing/thing.controller.js
144 silly gunzTarPerm extractEntry app/templates/server/api/thing/thing.model(mongoose).js
145 silly gunzTarPerm extractEntry app/templates/server/api/thing/thing.socket(socketio).js
146 silly gunzTarPerm extractEntry app/templates/server/api/thing/thing.spec.js
147 silly gunzTarPerm extractEntry app/templates/server/api/user(auth)/index.js
148 silly gunzTarPerm extractEntry app/templates/server/api/user(auth)/user.controller.js
149 silly gunzTarPerm extractEntry app/templates/server/api/user(auth)/user.model.js
150 silly gunzTarPerm extractEntry app/templates/server/api/user(auth)/user.model.spec.js
151 silly gunzTarPerm extractEntry app/templates/server/auth(auth)/auth.service.js
152 silly gunzTarPerm extractEntry app/templates/server/auth(auth)/index.js
153 silly gunzTarPerm extractEntry app/templates/server/auth(auth)/facebook(facebookAuth)/index.js
154 silly gunzTarPerm extractEntry app/templates/server/auth(auth)/facebook(facebookAuth)/passport.js
155 silly gunzTarPerm extractEntry app/templates/server/auth(auth)/google(googleAuth)/index.js
156 silly gunzTarPerm extractEntry app/templates/server/auth(auth)/google(googleAuth)/passport.js
157 silly gunzTarPerm extractEntry app/templates/server/auth(auth)/local/index.js
158 silly gunzTarPerm extractEntry app/templates/server/auth(auth)/local/passport.js
159 silly gunzTarPerm extractEntry app/templates/server/auth(auth)/twitter(twitterAuth)/index.js
160 silly gunzTarPerm extractEntry app/templates/server/auth(auth)/twitter(twitterAuth)/passport.js
161 silly gunzTarPerm extractEntry app/templates/server/components/errors/index.js
162 silly gunzTarPerm extractEntry app/templates/server/config/_local.env.js
163 silly gunzTarPerm extractEntry app/templates/server/config/_local.env.sample.js
164 silly gunzTarPerm extractEntry app/templates/server/config/express.js
165 silly gunzTarPerm extractEntry app/templates/server/config/seed(mongoose).js
166 silly gunzTarPerm extractEntry app/templates/server/config/socketio(socketio).js
167 silly gunzTarPerm extractEntry app/templates/server/config/environment/development.js
168 silly gunzTarPerm extractEntry app/templates/server/config/environment/index.js
169 silly gunzTarPerm extractEntry app/templates/server/config/environment/production.js
170 silly gunzTarPerm extractEntry app/templates/server/config/environment/test.js
171 silly gunzTarPerm extractEntry app/templates/server/views/404(html).html
172 silly gunzTarPerm extractEntry app/templates/server/views/404(jade).jade
173 silly gunzTarPerm extractEntry contributing.md
174 silly gunzTarPerm extractEntry controller/index.js
175 silly gunzTarPerm extractEntry decorator/index.js
176 silly gunzTarPerm extractEntry directive/index.js
177 silly gunzTarPerm extractEntry endpoint/index.js
178 silly gunzTarPerm extractEntry endpoint/templates/index.js
179 silly gunzTarPerm extractEntry endpoint/templates/name.controller.js
180 silly gunzTarPerm extractEntry endpoint/templates/name.model(mongoose).js
181 silly gunzTarPerm extractEntry endpoint/templates/name.socket(socketio).js
182 silly gunzTarPerm extractEntry endpoint/templates/name.spec.js
183 silly gunzTarPerm extractEntry .gitattributes
184 silly gunzTarPerm extractEntry filter/index.js
185 silly gunzTarPerm extractEntry generators/constant/index.js
186 silly gunzTarPerm extractEntry generators/deploy/index.js
187 silly gunzTarPerm extractEntry generators/readme.md
188 silly gunzTarPerm extractEntry generators/value/index.js
189 silly gunzTarPerm extractEntry generators/view/index.js
190 silly gunzTarPerm extractEntry heroku/index.js
191 silly gunzTarPerm extractEntry heroku/USAGE
192 silly gunzTarPerm extractEntry heroku/templates/Procfile
193 silly gunzTarPerm extractEntry test/test-file-creation.js
194 silly gunzTarPerm extractEntry test/fixtures/package.json
195 silly gunzTarPerm extractEntry test/fixtures/.bowerrc
196 silly gunzTarPerm extractEntry test/fixtures/.yo-rc.json
197 silly gunzTarPerm extractEntry test/fixtures/bower.json
198 silly gunzTarPerm extractEntry test/readme.md
199 silly gunzTarPerm extractEntry openshift/index.js
200 silly gunzTarPerm extractEntry openshift/USAGE
201 silly gunzTarPerm extractEntry openshift/templates/hot_deploy
202 silly gunzTarPerm extractEntry .jshintrc
203 silly gunzTarPerm extractEntry provider/index.js
204 silly gunzTarPerm extractEntry readme.md
205 silly gunzTarPerm extractEntry route/index.js
206 silly gunzTarPerm extractEntry .travis.yml
207 silly gunzTarPerm extractEntry service/index.js
208 silly gunzTarPerm extractEntry factory/index.js
209 silly lockFile ca59d08a-angular-fullstack-2-0-13-package tar:///home/kurama/.npm/generator-angular-fullstack/2.0.13/package
210 silly lockFile ca59d08a-angular-fullstack-2-0-13-package tar:///home/kurama/.npm/generator-angular-fullstack/2.0.13/package
211 silly lockFile 882597e1-59914-0-5214272900484502-tmp-tgz tar:///home/kurama/tmp/npm-21797-uYPDD35B/1414510559914-0.5214272900484502/tmp.tgz
212 silly lockFile 882597e1-59914-0-5214272900484502-tmp-tgz tar:///home/kurama/tmp/npm-21797-uYPDD35B/1414510559914-0.5214272900484502/tmp.tgz
213 silly lockFile 14910ca5-tor-angular-fullstack-2-0-13-tgz https://registry.npmjs.org/generator-angular-fullstack/-/generator-angular-fullstack-2.0.13.tgz
214 silly lockFile 14910ca5-tor-angular-fullstack-2-0-13-tgz https://registry.npmjs.org/generator-angular-fullstack/-/generator-angular-fullstack-2.0.13.tgz
215 silly lockFile ad937c6d-nerator-angular-fullstack-2-0-13 generator-angular-fullstack@2.0.13
216 silly lockFile ad937c6d-nerator-angular-fullstack-2-0-13 generator-angular-fullstack@2.0.13
217 silly lockFile 8bc0e010-generator-angular-fullstack generator-angular-fullstack@
218 silly lockFile 8bc0e010-generator-angular-fullstack generator-angular-fullstack@
219 silly resolved [ { name: 'generator-angular-fullstack',
219 silly resolved     version: '2.0.13',
219 silly resolved     description: 'Yeoman generator for creating MEAN stack applications, using MongoDB, Express, AngularJS, and Node',
219 silly resolved     keywords:
219 silly resolved      [ 'yeoman-generator',
219 silly resolved        'mean',
219 silly resolved        'mongodb',
219 silly resolved        'angularjs',
219 silly resolved        'express',
219 silly resolved        'scaffold',
219 silly resolved        'fullstack',
219 silly resolved        'framework',
219 silly resolved        'component',
219 silly resolved        'front-end',
219 silly resolved        'app' ],
219 silly resolved     homepage: 'https://github.com/DaftMonk/generator-angular-fullstack',
219 silly resolved     bugs: { url: 'https://github.com/DaftMonk/generator-angular-fullstack/issues' },
219 silly resolved     author: { name: 'Tyler Henkel' },
219 silly resolved     repository:
219 silly resolved      { type: 'git',
219 silly resolved        url: 'git://github.com/DaftMonk/generator-angular-fullstack.git' },
219 silly resolved     scripts: { test: 'grunt test' },
219 silly resolved     dependencies:
219 silly resolved      { 'yeoman-generator': '~0.17.0',
219 silly resolved        chalk: '~0.4.0',
219 silly resolved        wiredep: '~0.4.2',
219 silly resolved        'generator-ng-component': '~0.0.4' },
219 silly resolved     peerDependencies: { yo: '>=1.2.0' },
219 silly resolved     devDependencies:
219 silly resolved      { chai: '^1.9.1',
219 silly resolved        'fs-extra': '^0.9.1',
219 silly resolved        grunt: '~0.4.1',
219 silly resolved        'grunt-build-control': 'git://github.com/DaftMonk/grunt-build-control',
219 silly resolved        'grunt-contrib-clean': '^0.6.0',
219 silly resolved        'grunt-contrib-jshint': '^0.10.0',
219 silly resolved        'grunt-conventional-changelog': '~1.0.0',
219 silly resolved        'grunt-mocha-test': '^0.11.0',
219 silly resolved        'grunt-release': '~0.6.0',
219 silly resolved        'load-grunt-tasks': '~0.2.0',
219 silly resolved        marked: '~0.2.8',
219 silly resolved        mocha: '~1.21.0',
219 silly resolved        q: '^1.0.1',
219 silly resolved        semver: '~2.2.1',
219 silly resolved        shelljs: '^0.3.0',
219 silly resolved        'underscore.string': '^2.3.3' },
219 silly resolved     engines: { node: '>=0.10.0', npm: '>=1.2.10' },
219 silly resolved     licenses: [ [Object] ],
219 silly resolved     readme: '# AngularJS Full-Stack generator [![Build Status](https://travis-ci.org/DaftMonk/generator-angular-fullstack.svg?branch=master)](http://travis-ci.org/DaftMonk/generator-angular-fullstack)\n\n> Yeoman generator for creating MEAN stack applications, using MongoDB, Express, AngularJS, and Node - lets you quickly set up a project following best practices.\n\n## Example project\n\nGenerated with defaults: http://fullstack-demo.herokuapp.com/.\n\nSource code: https://github.com/DaftMonk/fullstack-demo\n\n## Usage\n\nInstall `generator-angular-fullstack`:\n```\nnpm install -g generator-angular-fullstack\n```\n\nMake a new directory, and `cd` into it:\n```\nmkdir my-new-project && cd $_\n```\n\nRun `yo angular-fullstack`, optionally passing an app name:\n```\nyo angular-fullstack [app-name]\n```\n\nRun `grunt` for building, `grunt serve` for preview, and `grunt serve:dist` for a preview of the built app.\n\n## Prerequisites\n\n* MongoDB - Download and Install [MongoDB](http://www.mongodb.org/downloads) - If you plan on scaffolding your project with mongoose, you\'ll need mongoDB to be installed and have the `mongod` process running.\n\n## Supported Configurations\n\n**Client**\n\n* Scripts: `JavaScript`, `CoffeeScript`\n* Markup:  `HTML`, `Jade`\n* Stylesheets: `CSS`, `Stylus`, `Sass`, `Less`,\n* Angular Routers: `ngRoute`, `ui-router`\n\n**Server**\n\n* Database: `None`, `MongoDB`\n* Authentication boilerplate: `Yes`, `No`\n* oAuth integrations: `Facebook` `Twitter` `Google`\n* Socket.io integration: `Yes`, `No`\n\n## Injection\n\nA grunt task looks for new files in your `client/app` and `client/components` folder and automatically injects them in the appropriate places based on an injection block.\n\n* `less` files into `client/app.less`\n* `scss` files into `client/app.scss`\n* `stylus` files into `client/app.styl`\n* `css` files into `client/index.html`\n* `js` files into `client/index.html`\n* `coffeescript` temp `js` files into `client/index.html`\n\n## Generators\n\nAvailable generators:\n\n* App\n    - [angular-fullstack](#app) (aka [angular-fullstack:app](#app))\n* Server Side\n    - [angular-fullstack:endpoint](#endpoint)\n* Client Side\n    - [angular-fullstack:route](#route)\n    - [angular-fullstack:controller](#controller)\n    - [angular-fullstack:filter](#filter)\n    - [angular-fullstack:directive](#directive)\n    - [angular-fullstack:service](#service)\n    - [angular-fullstack:provider](#service)\n    - [angular-fullstack:factory](#service)\n    - [angular-fullstack:decorator](#decorator)\n* Deployment\n    - [angular-fullstack:openshift](#openshift)\n    - [angular-fullstack:heroku](#heroku)\n\n### App\nSets up a new AngularJS + Express app, generating all the boilerplate you need to get started.\n\nExample:\n```bash\nyo angular-fullstack\n```\n\n### Endpoint\nGenerates a new API endpoint.\n\n\nExample:\n```bash\nyo angular-fullstack:endpoint message\n[?] What will the url of your endpoint to be? /api/messages\n```\n\nProduces:\n\n    server/api/message/index.js\n    server/api/message/message.spec.js\n    server/api/message/message.controller.js\n    server/api/message/message.model.js  (optional)\n    server/api/message/message.socket.js (optional)\n\n### Route\nGenerates a new route.\n\nExample:\n```bash\nyo angular-fullstack:route myroute\n[?] Where would you like to create this route? client/app/\n[?] What will the url of your route be? /myroute\n```\n\nProduces:\n\n    client/app/myroute/myroute.js\n    client/app/myroute/myroute.controller.js\n    client/app/myroute/myroute.controller.spec.js\n    client/app/myroute/myroute.html\n    client/app/myroute/myroute.scss\n\n\n### Controller\nGenerates a controller.\n\nExample:\n```bash\nyo angular-fullstack:controller user\n[?] Where would you like to create this controller? client/app/\n```\n\nProduces:\n\n    client/app/user/user.controller.js\n    client/app/user/user.controller.spec.js\n\n### Directive\nGenerates a directive.\n\nExample:\n```bash\nyo angular-fullstack:directive myDirective\n[?] Where would you like to create this directive? client/app/\n[?] Does this directive need an external html file? Yes\n```\n\nProduces:\n\n    client/app/myDirective/myDirective.directive.js\n    client/app/myDirective/myDirective.directive.spec.js\n    client/app/myDirective/myDirective.html\n    client/app/myDirective/myDirective.scss\n\n**Simple directive without an html file**\n\nExample:\n```bash\nyo angular-fullstack:directive simple\n[?] Where would you like to create this directive? client/app/\n[?] Does this directive need an external html file? No\n```\n\nProduces:\n\n    client/app/simple/simple.directive.js\n    client/app/simple/simple.directive.spec.js\n\n### Filter\nGenerates a filter.\n\nExample:\n```bash\nyo angular-fullstack:filter myFilter\n[?] Where would you like to create this filter? client/app/\n```\n\nProduces:\n\n    client/app/myFilter/myFilter.filter.js\n    client/app/myFilter/myFilter.filter.spec.js\n\n### Service\nGenerates an AngularJS service.\n\nExample:\n```bash\nyo angular-fullstack:service myService\n[?] Where would you like to create this service? client/app/\n```\n\nProduces:\n\n    client/app/myService/myService.service.js\n    client/app/myService/myService.service.spec.js\n\n\nYou can also do `yo angular:factory` and `yo angular:provider` for other types of services.\n\n### Decorator\nGenerates an AngularJS service decorator.\n\nExample:\n```bash\nyo angular-fullstack:decorator serviceName\n[?] Where would you like to create this decorator? client/app/\n```\n\nProduces\n\n    client/app/serviceName/serviceName.decorator.js\n\n###Openshift\n\nDeploying to OpenShift can be done in just a few steps:\n\n    yo angular-fullstack:openshift\n\nA live application URL will be available in the output.\n\n> **oAuth**\n>\n> If you\'re using any oAuth strategies, you must set environment variables for your selected oAuth. For example, if we\'re using Facebook oAuth we would do this :\n>\n>     rhc set-env FACEBOOK_ID=id -a my-openshift-app\n>     rhc set-env FACEBOOK_SECRET=secret -a my-openshift-app\n>\n> You will also need to set `DOMAIN` environment variable:\n>\n>     rhc config:set DOMAIN=<your-openshift-app-name>.rhcloud.com\n>\n>     # or (if you\'re using it):\n>\n>     rhc config:set DOMAIN=<your-custom-domain>\n>\n> After you\'ve set the required environment variables, restart the server:\n>\n>     rhc app-restart -a my-openshift-app\n\nTo make your deployment process easier consider using [grunt-build-control](https://github.com/robwierzbowski/grunt-build-control).\n\n**Pushing Updates**\n\n    grunt\n\nCommit and push the resulting build, located in your dist folder:\n\n    grunt buildcontrol:openshift\n\n### Heroku\n\nDeploying to heroku only takes a few steps.\n\n    yo angular-fullstack:heroku\n\nTo work with your new heroku app using the command line, you will need to run any `heroku` commands from the `dist` folder.\n\n\nIf you\'re using mongoDB you will need to add a database to your app:\n\n    heroku addons:add mongohq\n\nYour app should now be live. To view it run `heroku open`.\n\n>\n> If you\'re using any oAuth strategies, you must set environment variables for your selected oAuth. For example, if we\'re using **Facebook** oAuth we would do this :\n>\n>     heroku config:set FACEBOOK_ID=id\n>     heroku config:set FACEBOOK_SECRET=secret\n>\n> You will also need to set `DOMAIN` environment variable:\n>\n>     heroku config:set DOMAIN=<your-heroku-app-name>.herokuapp.com\n>\n>     # or (if you\'re using it):\n>\n>     heroku config:set DOMAIN=<your-custom-domain>\n>\n\nTo make your deployment process easier consider using [grunt-build-control](https://github.com/robwierzbowski/grunt-build-control).\n\n#### Pushing Updates\n\n    grunt\n\nCommit and push the resulting build, located in your dist folder:\n\n    grunt buildcontrol:heroku\n\n\n## Bower Components\n\nThe following packages are always installed by the [app](#app) generator:\n\n* angular\n* angular-cookies\n* angular-mocks\n* angular-resource\n* angular-sanitize\n* angular-scenario\n* es5-shim\n* font-awesome\n* json3\n* jquery\n* lodash\n\nThese packages are installed optionally depending on your configuration:\n\n* angular-route\n* angular-ui-router\n* angular-socket-io\n* angular-bootstrap\n* bootstrap\n\nAll of these can be updated with `bower update` as new versions are released.\n\n## Configuration\nYeoman generated projects can be further tweaked according to your needs by modifying project files appropriately.\n\nA `.yo-rc` file is generated for helping you copy configuration across projects, and to allow you to keep track of your settings. You can change this as you see fit.\n\n## Testing\n\nRunning `grunt test` will run the client and server unit tests with karma and mocha.\n\nUse `grunt test:server` to only run server tests.\n\nUse `grunt test:client` to only run client tests.\n\n**Protractor tests**\n\nTo setup protractor e2e tests, you must first run\n\n`npm run update-webdriver`\n\nUse `grunt test:e2e` to have protractor go through tests located in the `e2e` folder.\n\n## Environment Variables\n\nKeeping your app secrets and other sensitive information in source control isn\'t a good idea. To have grunt launch your app with specific environment variables, add them to the git ignored environment config file: `server/config/local.env.js`.\n\n## Project Structure\n\nOverview\n\n    ├── client\n    │   ├── app                 - All of our app specific components go in here\n    │   ├── assets              - Custom assets: fonts, images, etc…\n    │   ├── components          - Our reusable components, non-specific to to our app\n    │\n    ├── e2e                     - Our protractor end to end tests\n    │\n    └── server\n        ├── api                 - Our apps server api\n        ├── auth                - For handling authentication with different auth strategies\n        ├── components          - Our reusable or app-wide components\n        ├── config              - Where we do the bulk of our apps configuration\n        │   └── local.env.js    - Keep our environment variables out of source control\n        │   └── environment     - Configuration specific to the node environment\n        └── views               - Server rendered views\n\nAn example client component in `client/app`\n\n    main\n    ├── main.js                 - Routes\n    ├── main.controller.js      - Controller for our main route\n    ├── main.controller.spec.js - Test\n    ├── main.html               - View\n    └── main.less               - Styles\n\nAn example server component in `server/api`\n\n    thing\n    ├── index.js                - Routes\n    ├── thing.controller.js     - Controller for our `thing` endpoint\n    ├── thing.model.js          - Database model\n    ├── thing.socket.js         - Register socket events\n    └── thing.spec.js           - Test\n\n## Contribute\n\nSee the [contributing docs](https://github.com/DaftMonk/generator-angular-fullstack/blob/master/contributing.md)\n\nThis project has 2 main branches: `master` and `canary`. The `master` branch is where the current stable code lives and should be used for production setups. The `canary` branch is the main development branch, this is where PRs should be submitted to (backport fixes may be applied to `master`).\n\nBy seperating the current stable code from the cutting-edge development we hope to provide a stable and efficient workflow for users and developers alike.\n\nWhen submitting an issue, please follow the [guidelines](https://github.com/yeoman/yeoman/blob/master/contributing.md#issue-submission). Especially important is to make sure Yeoman is up-to-date, and providing the command or commands that cause the issue.\n\nWhen submitting a PR, make sure that the commit messages match the [AngularJS conventions](https://docs.google.com/document/d/1QrDFcIiPjSLDn3EL15IJygNPiHORgU1_OOAqWjiDU5Y/).\n\nWhen submitting a bugfix, try to write a test that exposes the bug and fails before applying your fix. Submit the test alongside the fix.\n\nWhen submitting a new feature, add tests that cover the feature.\n\nSee the `travis.yml` for configuration required to run tests.\n\n## License\n\n[BSD license](http://opensource.org/licenses/bsd-license.php)\n',
219 silly resolved     readmeFilename: 'readme.md',
219 silly resolved     _id: 'generator-angular-fullstack@2.0.13',
219 silly resolved     _shasum: '866333e9ca1e557336342b57b585582f65dd61bb',
219 silly resolved     _from: 'generator-angular-fullstack@',
219 silly resolved     _resolved: 'https://registry.npmjs.org/generator-angular-fullstack/-/generator-angular-fullstack-2.0.13.tgz' } ]
220 info install generator-angular-fullstack@2.0.13 into /home/kurama/.nvm/v0.11.13/lib
221 info installOne generator-angular-fullstack@2.0.13
222 info /home/kurama/.nvm/v0.11.13/lib/node_modules/generator-angular-fullstack unbuild
223 verbose tar unpack /home/kurama/.npm/generator-angular-fullstack/2.0.13/package.tgz
224 silly lockFile 3245f9e2-ules-generator-angular-fullstack tar:///home/kurama/.nvm/v0.11.13/lib/node_modules/generator-angular-fullstack
225 verbose lock tar:///home/kurama/.nvm/v0.11.13/lib/node_modules/generator-angular-fullstack /home/kurama/.npm/3245f9e2-ules-generator-angular-fullstack.lock
226 silly lockFile 4b5ddc48-lar-fullstack-2-0-13-package-tgz tar:///home/kurama/.npm/generator-angular-fullstack/2.0.13/package.tgz
227 verbose lock tar:///home/kurama/.npm/generator-angular-fullstack/2.0.13/package.tgz /home/kurama/.npm/4b5ddc48-lar-fullstack-2-0-13-package-tgz.lock
228 silly gunzTarPerm modes [ '755', '644' ]
229 silly gunzTarPerm extractEntry package.json
230 silly gunzTarPerm extractEntry .npmignore
231 silly gunzTarPerm extractEntry util.js
232 silly gunzTarPerm extractEntry Gruntfile.js
233 silly gunzTarPerm extractEntry script-base.js
234 silly gunzTarPerm extractEntry CHANGELOG.md
235 silly gunzTarPerm extractEntry .editorconfig
236 silly gunzTarPerm extractEntry app/index.js
237 silly gunzTarPerm extractEntry app/USAGE
238 silly gunzTarPerm extractEntry app/templates/Gruntfile.js
239 silly gunzTarPerm extractEntry app/templates/karma.conf.js
240 silly gunzTarPerm extractEntry app/templates/protractor.conf.js
241 silly gunzTarPerm extractEntry app/templates/_bower.json
242 silly gunzTarPerm extractEntry app/templates/.travis.yml
243 silly gunzTarPerm extractEntry app/templates/.bowerrc
244 silly gunzTarPerm extractEntry app/templates/_.gitignore
245 silly gunzTarPerm extractEntry app/templates/.buildignore
246 silly gunzTarPerm extractEntry app/templates/_package.json
247 silly gunzTarPerm extractEntry app/templates/client/.htaccess
248 silly gunzTarPerm extractEntry app/templates/client/.jshintrc
249 silly gunzTarPerm extractEntry app/templates/client/app/app(js).js
250 silly gunzTarPerm extractEntry app/templates/client/app/account(auth)/account(js).js
251 silly gunzTarPerm extractEntry app/templates/client/app/account(auth)/account(coffee).coffee
252 silly gunzTarPerm extractEntry app/templates/client/app/account(auth)/login/login.controller(js).js
253 silly gunzTarPerm extractEntry app/templates/client/app/account(auth)/login/login(css).css
254 silly gunzTarPerm extractEntry app/templates/client/app/account(auth)/login/login(html).html
255 silly gunzTarPerm extractEntry app/templates/client/app/account(auth)/login/login(jade).jade
256 silly gunzTarPerm extractEntry app/templates/client/app/account(auth)/login/login(less).less
257 silly gunzTarPerm extractEntry app/templates/client/app/account(auth)/login/login(sass).scss
258 silly gunzTarPerm extractEntry app/templates/client/app/account(auth)/login/login(stylus).styl
259 silly gunzTarPerm extractEntry app/templates/client/app/account(auth)/login/login.controller(coffee).coffee
260 silly gunzTarPerm extractEntry app/templates/client/app/account(auth)/settings/settings.controller(js).js
261 silly gunzTarPerm extractEntry app/templates/client/app/account(auth)/settings/settings(html).html
262 silly gunzTarPerm extractEntry app/templates/client/app/account(auth)/settings/settings(jade).jade
263 silly gunzTarPerm extractEntry app/templates/client/app/account(auth)/settings/settings.controller(coffee).coffee
264 silly gunzTarPerm extractEntry app/templates/client/app/account(auth)/signup/signup.controller(js).js
265 silly gunzTarPerm extractEntry app/templates/client/app/account(auth)/signup/signup(html).html
266 silly gunzTarPerm extractEntry app/templates/client/app/account(auth)/signup/signup(jade).jade
267 silly gunzTarPerm extractEntry app/templates/client/app/account(auth)/signup/signup.controller(coffee).coffee
268 silly gunzTarPerm extractEntry app/templates/client/app/admin(auth)/admin(js).js
269 silly gunzTarPerm extractEntry app/templates/client/app/admin(auth)/admin.controller(js).js
270 silly gunzTarPerm extractEntry app/templates/client/app/admin(auth)/admin(coffee).coffee
271 silly gunzTarPerm extractEntry app/templates/client/app/admin(auth)/admin(css).css
272 silly gunzTarPerm extractEntry app/templates/client/app/admin(auth)/admin(html).html
273 silly gunzTarPerm extractEntry app/templates/client/app/admin(auth)/admin(jade).jade
274 silly gunzTarPerm extractEntry app/templates/client/app/admin(auth)/admin(less).less
275 silly gunzTarPerm extractEntry app/templates/client/app/admin(auth)/admin(sass).scss
276 silly gunzTarPerm extractEntry app/templates/client/app/admin(auth)/admin(stylus).styl
277 silly gunzTarPerm extractEntry app/templates/client/app/admin(auth)/admin.controller(coffee).coffee
278 silly gunzTarPerm extractEntry app/templates/client/app/app(coffee).coffee
279 silly gunzTarPerm extractEntry app/templates/client/app/app(css).css
280 silly gunzTarPerm extractEntry app/templates/client/app/app(less).less
281 silly gunzTarPerm extractEntry app/templates/client/app/app(sass).scss
282 silly gunzTarPerm extractEntry app/templates/client/app/app(stylus).styl
283 silly gunzTarPerm extractEntry app/templates/client/app/main/main.controller.spec(js).js
284 silly gunzTarPerm extractEntry app/templates/client/app/main/main(js).js
285 silly gunzTarPerm extractEntry app/templates/client/app/main/main.controller(js).js
286 silly gunzTarPerm extractEntry app/templates/client/app/main/main(jade).jade
287 silly gunzTarPerm extractEntry app/templates/client/app/main/main(coffee).coffee
288 silly gunzTarPerm extractEntry app/templates/client/app/main/main(less).less
289 silly gunzTarPerm extractEntry app/templates/client/app/main/main(css).css
290 silly gunzTarPerm extractEntry app/templates/client/app/main/main(stylus).styl
291 silly gunzTarPerm extractEntry app/templates/client/app/main/main.controller(coffee).coffee
292 silly gunzTarPerm extractEntry app/templates/client/app/main/main(html).html
293 silly gunzTarPerm extractEntry app/templates/client/app/main/main.controller.spec(coffee).coffee
294 silly gunzTarPerm extractEntry app/templates/client/app/main/main(sass).scss
295 silly gunzTarPerm extractEntry app/templates/client/assets/images/!yeoman.png
296 silly gunzTarPerm extractEntry app/templates/client/components/auth(auth)/auth.service(js).js
297 silly gunzTarPerm extractEntry app/templates/client/components/auth(auth)/user.service(js).js
298 silly gunzTarPerm extractEntry app/templates/client/components/auth(auth)/auth.service(coffee).coffee
299 silly gunzTarPerm extractEntry app/templates/client/components/auth(auth)/user.service(coffee).coffee
300 silly gunzTarPerm extractEntry app/templates/client/components/modal(uibootstrap)/modal.service(js).js
301 silly gunzTarPerm extractEntry app/templates/client/components/modal(uibootstrap)/modal(css).css
302 silly gunzTarPerm extractEntry app/templates/client/components/modal(uibootstrap)/modal(html).html
303 silly gunzTarPerm extractEntry app/templates/client/components/modal(uibootstrap)/modal(jade).jade
304 silly gunzTarPerm extractEntry app/templates/client/components/modal(uibootstrap)/modal(less).less
305 silly gunzTarPerm extractEntry app/templates/client/components/modal(uibootstrap)/modal(sass).scss
306 silly gunzTarPerm extractEntry app/templates/client/components/modal(uibootstrap)/modal(stylus).styl
307 silly gunzTarPerm extractEntry app/templates/client/components/modal(uibootstrap)/modal.service(coffee).coffee
308 silly gunzTarPerm extractEntry app/templates/client/components/mongoose-error(auth)/mongoose-error.directive(js).js
309 silly gunzTarPerm extractEntry app/templates/client/components/mongoose-error(auth)/mongoose-error.directive(coffee).coffee
310 silly gunzTarPerm extractEntry app/templates/client/components/navbar/navbar.controller(js).js
311 silly gunzTarPerm extractEntry app/templates/client/components/navbar/navbar(html).html
312 silly gunzTarPerm extractEntry app/templates/client/components/navbar/navbar(jade).jade
313 silly gunzTarPerm extractEntry app/templates/client/components/navbar/navbar.controller(coffee).coffee
314 silly gunzTarPerm extractEntry app/templates/client/components/socket(socketio)/socket.mock.js
315 silly gunzTarPerm extractEntry app/templates/client/components/socket(socketio)/socket.service.js
316 silly gunzTarPerm extractEntry app/templates/client/components/socket(socketio)/socket.mock(coffee).coffee
317 silly gunzTarPerm extractEntry app/templates/client/components/socket(socketio)/socket.service(coffee).coffee
318 silly gunzTarPerm extractEntry app/templates/client/favicon.ico
319 silly gunzTarPerm extractEntry app/templates/client/index.html
320 silly gunzTarPerm extractEntry app/templates/client/robots.txt
321 silly gunzTarPerm extractEntry app/templates/e2e/main/main.po.js
322 silly gunzTarPerm extractEntry app/templates/e2e/main/main.spec.js
323 silly gunzTarPerm extractEntry app/templates/.editorconfig
324 silly gunzTarPerm extractEntry app/templates/.gitattributes
325 silly gunzTarPerm extractEntry app/templates/server/app.js
326 silly gunzTarPerm extractEntry app/templates/server/routes.js
327 silly gunzTarPerm extractEntry app/templates/server/.jshintrc
328 silly gunzTarPerm extractEntry app/templates/server/.jshintrc-spec
329 silly gunzTarPerm extractEntry app/templates/server/api/thing/index.js
330 silly gunzTarPerm extractEntry app/templates/server/api/thing/thing.controller.js
331 silly gunzTarPerm extractEntry app/templates/server/api/thing/thing.model(mongoose).js
332 silly gunzTarPerm extractEntry app/templates/server/api/thing/thing.socket(socketio).js
333 silly gunzTarPerm extractEntry app/templates/server/api/thing/thing.spec.js
334 silly gunzTarPerm extractEntry app/templates/server/api/user(auth)/index.js
335 silly gunzTarPerm extractEntry app/templates/server/api/user(auth)/user.controller.js
336 silly gunzTarPerm extractEntry app/templates/server/api/user(auth)/user.model.js
337 silly gunzTarPerm extractEntry app/templates/server/api/user(auth)/user.model.spec.js
338 silly gunzTarPerm extractEntry app/templates/server/auth(auth)/auth.service.js
339 silly gunzTarPerm extractEntry app/templates/server/auth(auth)/index.js
340 silly gunzTarPerm extractEntry app/templates/server/auth(auth)/facebook(facebookAuth)/index.js
341 silly gunzTarPerm extractEntry app/templates/server/auth(auth)/facebook(facebookAuth)/passport.js
342 silly gunzTarPerm extractEntry app/templates/server/auth(auth)/google(googleAuth)/index.js
343 silly gunzTarPerm extractEntry app/templates/server/auth(auth)/google(googleAuth)/passport.js
344 silly gunzTarPerm extractEntry app/templates/server/auth(auth)/local/index.js
345 silly gunzTarPerm extractEntry app/templates/server/auth(auth)/local/passport.js
346 silly gunzTarPerm extractEntry app/templates/server/auth(auth)/twitter(twitterAuth)/index.js
347 silly gunzTarPerm extractEntry app/templates/server/auth(auth)/twitter(twitterAuth)/passport.js
348 silly gunzTarPerm extractEntry app/templates/server/components/errors/index.js
349 silly gunzTarPerm extractEntry app/templates/server/config/_local.env.js
350 silly gunzTarPerm extractEntry app/templates/server/config/_local.env.sample.js
351 silly gunzTarPerm extractEntry app/templates/server/config/express.js
352 silly gunzTarPerm extractEntry app/templates/server/config/seed(mongoose).js
353 silly gunzTarPerm extractEntry app/templates/server/config/socketio(socketio).js
354 silly gunzTarPerm extractEntry app/templates/server/config/environment/development.js
355 silly gunzTarPerm extractEntry app/templates/server/config/environment/index.js
356 silly gunzTarPerm extractEntry app/templates/server/config/environment/production.js
357 silly gunzTarPerm extractEntry app/templates/server/config/environment/test.js
358 silly gunzTarPerm extractEntry app/templates/server/views/404(html).html
359 silly gunzTarPerm extractEntry app/templates/server/views/404(jade).jade
360 silly gunzTarPerm extractEntry contributing.md
361 silly gunzTarPerm extractEntry controller/index.js
362 silly gunzTarPerm extractEntry decorator/index.js
363 silly gunzTarPerm extractEntry directive/index.js
364 silly gunzTarPerm extractEntry endpoint/index.js
365 silly gunzTarPerm extractEntry endpoint/templates/index.js
366 silly gunzTarPerm extractEntry endpoint/templates/name.controller.js
367 silly gunzTarPerm extractEntry endpoint/templates/name.model(mongoose).js
368 silly gunzTarPerm extractEntry endpoint/templates/name.socket(socketio).js
369 silly gunzTarPerm extractEntry endpoint/templates/name.spec.js
370 silly gunzTarPerm extractEntry .gitattributes
371 silly gunzTarPerm extractEntry filter/index.js
372 silly gunzTarPerm extractEntry generators/constant/index.js
373 silly gunzTarPerm extractEntry generators/deploy/index.js
374 silly gunzTarPerm extractEntry generators/readme.md
375 silly gunzTarPerm extractEntry generators/value/index.js
376 silly gunzTarPerm extractEntry generators/view/index.js
377 silly gunzTarPerm extractEntry heroku/index.js
378 silly gunzTarPerm extractEntry heroku/USAGE
379 silly gunzTarPerm extractEntry heroku/templates/Procfile
380 silly gunzTarPerm extractEntry test/test-file-creation.js
381 silly gunzTarPerm extractEntry test/fixtures/package.json
382 silly gunzTarPerm extractEntry test/fixtures/.bowerrc
383 silly gunzTarPerm extractEntry test/fixtures/.yo-rc.json
384 silly gunzTarPerm extractEntry test/fixtures/bower.json
385 silly gunzTarPerm extractEntry test/readme.md
386 silly gunzTarPerm extractEntry openshift/index.js
387 silly gunzTarPerm extractEntry openshift/USAGE
388 silly gunzTarPerm extractEntry openshift/templates/hot_deploy
389 silly gunzTarPerm extractEntry .jshintrc
390 silly gunzTarPerm extractEntry provider/index.js
391 silly gunzTarPerm extractEntry readme.md
392 silly gunzTarPerm extractEntry route/index.js
393 silly gunzTarPerm extractEntry .travis.yml
394 silly gunzTarPerm extractEntry service/index.js
395 silly gunzTarPerm extractEntry factory/index.js
396 silly lockFile 3245f9e2-ules-generator-angular-fullstack tar:///home/kurama/.nvm/v0.11.13/lib/node_modules/generator-angular-fullstack
397 silly lockFile 3245f9e2-ules-generator-angular-fullstack tar:///home/kurama/.nvm/v0.11.13/lib/node_modules/generator-angular-fullstack
398 silly lockFile 4b5ddc48-lar-fullstack-2-0-13-package-tgz tar:///home/kurama/.npm/generator-angular-fullstack/2.0.13/package.tgz
399 silly lockFile 4b5ddc48-lar-fullstack-2-0-13-package-tgz tar:///home/kurama/.npm/generator-angular-fullstack/2.0.13/package.tgz
400 info preinstall generator-angular-fullstack@2.0.13
401 verbose readDependencies using package.json deps
402 verbose readDependencies using package.json deps
403 verbose cache add [ 'chalk@~0.4.0', null ]
404 verbose cache add name=undefined spec="chalk@~0.4.0" args=["chalk@~0.4.0",null]
405 verbose parsed url { protocol: null,
405 verbose parsed url   slashes: null,
405 verbose parsed url   auth: null,
405 verbose parsed url   host: null,
405 verbose parsed url   port: null,
405 verbose parsed url   hostname: null,
405 verbose parsed url   hash: null,
405 verbose parsed url   search: null,
405 verbose parsed url   query: null,
405 verbose parsed url   pathname: 'chalk@~0.4.0',
405 verbose parsed url   path: 'chalk@~0.4.0',
405 verbose parsed url   href: 'chalk@~0.4.0' }
406 verbose cache add name="chalk" spec="~0.4.0" args=["chalk","~0.4.0"]
407 verbose parsed url { protocol: null,
407 verbose parsed url   slashes: null,
407 verbose parsed url   auth: null,
407 verbose parsed url   host: null,
407 verbose parsed url   port: null,
407 verbose parsed url   hostname: null,
407 verbose parsed url   hash: null,
407 verbose parsed url   search: null,
407 verbose parsed url   query: null,
407 verbose parsed url   pathname: '~0.4.0',
407 verbose parsed url   path: '~0.4.0',
407 verbose parsed url   href: '~0.4.0' }
408 verbose addNamed [ 'chalk', '~0.4.0' ]
409 verbose addNamed [ null, '>=0.4.0-0 <0.5.0-0' ]
410 silly lockFile bc9fb696-chalk-0-4-0 chalk@~0.4.0
411 verbose lock chalk@~0.4.0 /home/kurama/.npm/bc9fb696-chalk-0-4-0.lock
412 verbose cache add [ 'wiredep@~0.4.2', null ]
413 verbose cache add name=undefined spec="wiredep@~0.4.2" args=["wiredep@~0.4.2",null]
414 verbose parsed url { protocol: null,
414 verbose parsed url   slashes: null,
414 verbose parsed url   auth: null,
414 verbose parsed url   host: null,
414 verbose parsed url   port: null,
414 verbose parsed url   hostname: null,
414 verbose parsed url   hash: null,
414 verbose parsed url   search: null,
414 verbose parsed url   query: null,
414 verbose parsed url   pathname: 'wiredep@~0.4.2',
414 verbose parsed url   path: 'wiredep@~0.4.2',
414 verbose parsed url   href: 'wiredep@~0.4.2' }
415 verbose cache add name="wiredep" spec="~0.4.2" args=["wiredep","~0.4.2"]
416 verbose parsed url { protocol: null,
416 verbose parsed url   slashes: null,
416 verbose parsed url   auth: null,
416 verbose parsed url   host: null,
416 verbose parsed url   port: null,
416 verbose parsed url   hostname: null,
416 verbose parsed url   hash: null,
416 verbose parsed url   search: null,
416 verbose parsed url   query: null,
416 verbose parsed url   pathname: '~0.4.2',
416 verbose parsed url   path: '~0.4.2',
416 verbose parsed url   href: '~0.4.2' }
417 verbose addNamed [ 'wiredep', '~0.4.2' ]
418 verbose addNamed [ null, '>=0.4.2-0 <0.5.0-0' ]
419 silly lockFile 0ff27e05-wiredep-0-4-2 wiredep@~0.4.2
420 verbose lock wiredep@~0.4.2 /home/kurama/.npm/0ff27e05-wiredep-0-4-2.lock
421 verbose cache add [ 'generator-ng-component@~0.0.4', null ]
422 verbose cache add name=undefined spec="generator-ng-component@~0.0.4" args=["generator-ng-component@~0.0.4",null]
423 verbose parsed url { protocol: null,
423 verbose parsed url   slashes: null,
423 verbose parsed url   auth: null,
423 verbose parsed url   host: null,
423 verbose parsed url   port: null,
423 verbose parsed url   hostname: null,
423 verbose parsed url   hash: null,
423 verbose parsed url   search: null,
423 verbose parsed url   query: null,
423 verbose parsed url   pathname: 'generator-ng-component@~0.0.4',
423 verbose parsed url   path: 'generator-ng-component@~0.0.4',
423 verbose parsed url   href: 'generator-ng-component@~0.0.4' }
424 verbose cache add name="generator-ng-component" spec="~0.0.4" args=["generator-ng-component","~0.0.4"]
425 verbose parsed url { protocol: null,
425 verbose parsed url   slashes: null,
425 verbose parsed url   auth: null,
425 verbose parsed url   host: null,
425 verbose parsed url   port: null,
425 verbose parsed url   hostname: null,
425 verbose parsed url   hash: null,
425 verbose parsed url   search: null,
425 verbose parsed url   query: null,
425 verbose parsed url   pathname: '~0.0.4',
425 verbose parsed url   path: '~0.0.4',
425 verbose parsed url   href: '~0.0.4' }
426 verbose addNamed [ 'generator-ng-component', '~0.0.4' ]
427 verbose addNamed [ null, '>=0.0.4-0 <0.1.0-0' ]
428 silly lockFile 9a473d1d-generator-ng-component-0-0-4 generator-ng-component@~0.0.4
429 verbose lock generator-ng-component@~0.0.4 /home/kurama/.npm/9a473d1d-generator-ng-component-0-0-4.lock
430 verbose cache add [ 'yeoman-generator@~0.17.0', null ]
431 verbose cache add name=undefined spec="yeoman-generator@~0.17.0" args=["yeoman-generator@~0.17.0",null]
432 verbose parsed url { protocol: null,
432 verbose parsed url   slashes: null,
432 verbose parsed url   auth: null,
432 verbose parsed url   host: null,
432 verbose parsed url   port: null,
432 verbose parsed url   hostname: null,
432 verbose parsed url   hash: null,
432 verbose parsed url   search: null,
432 verbose parsed url   query: null,
432 verbose parsed url   pathname: 'yeoman-generator@~0.17.0',
432 verbose parsed url   path: 'yeoman-generator@~0.17.0',
432 verbose parsed url   href: 'yeoman-generator@~0.17.0' }
433 verbose cache add name="yeoman-generator" spec="~0.17.0" args=["yeoman-generator","~0.17.0"]
434 verbose parsed url { protocol: null,
434 verbose parsed url   slashes: null,
434 verbose parsed url   auth: null,
434 verbose parsed url   host: null,
434 verbose parsed url   port: null,
434 verbose parsed url   hostname: null,
434 verbose parsed url   hash: null,
434 verbose parsed url   search: null,
434 verbose parsed url   query: null,
434 verbose parsed url   pathname: '~0.17.0',
434 verbose parsed url   path: '~0.17.0',
434 verbose parsed url   href: '~0.17.0' }
435 verbose addNamed [ 'yeoman-generator', '~0.17.0' ]
436 verbose addNamed [ null, '>=0.17.0-0 <0.18.0-0' ]
437 silly lockFile f14b3f2a-yeoman-generator-0-17-0 yeoman-generator@~0.17.0
438 verbose lock yeoman-generator@~0.17.0 /home/kurama/.npm/f14b3f2a-yeoman-generator-0-17-0.lock
439 silly addNameRange { name: 'chalk', range: '>=0.4.0-0 <0.5.0-0', hasData: false }
440 silly addNameRange { name: 'wiredep', range: '>=0.4.2-0 <0.5.0-0', hasData: false }
441 silly addNameRange { name: 'generator-ng-component',
441 silly addNameRange   range: '>=0.0.4-0 <0.1.0-0',
441 silly addNameRange   hasData: false }
442 silly addNameRange { name: 'yeoman-generator',
442 silly addNameRange   range: '>=0.17.0-0 <0.18.0-0',
442 silly addNameRange   hasData: false }
443 verbose url raw generator-ng-component
444 verbose url resolving [ 'https://registry.npmjs.org/', './generator-ng-component' ]
445 verbose url resolved https://registry.npmjs.org/generator-ng-component
446 info trying registry request attempt 1 at 11:06:02
447 http GET https://registry.npmjs.org/generator-ng-component
448 verbose url raw chalk
449 verbose url resolving [ 'https://registry.npmjs.org/', './chalk' ]
450 verbose url resolved https://registry.npmjs.org/chalk
451 info trying registry request attempt 1 at 11:06:02
452 verbose etag "6ZTS04QFWCEG18AY1OIGTGPSZ"
453 http GET https://registry.npmjs.org/chalk
454 verbose url raw wiredep
455 verbose url resolving [ 'https://registry.npmjs.org/', './wiredep' ]
456 verbose url resolved https://registry.npmjs.org/wiredep
457 info trying registry request attempt 1 at 11:06:02
458 verbose etag "4KQYCHMDH0TA6N4THX0NWV2VK"
459 http GET https://registry.npmjs.org/wiredep
460 verbose url raw yeoman-generator
461 verbose url resolving [ 'https://registry.npmjs.org/', './yeoman-generator' ]
462 verbose url resolved https://registry.npmjs.org/yeoman-generator
463 info trying registry request attempt 1 at 11:06:02
464 verbose etag "87UBZ88DV8GEHCGNOZO9BF7RB"
465 http GET https://registry.npmjs.org/yeoman-generator
466 http 304 https://registry.npmjs.org/chalk
467 silly registry.get cb [ 304,
467 silly registry.get   { date: 'Tue, 28 Oct 2014 15:36:02 GMT',
467 silly registry.get     server: 'Apache',
467 silly registry.get     via: '1.1 varnish',
467 silly registry.get     'last-modified': 'Tue, 28 Oct 2014 15:35:40 GMT',
467 silly registry.get     'cache-control': 'max-age=60',
467 silly registry.get     etag: '"6ZTS04QFWCEG18AY1OIGTGPSZ"',
467 silly registry.get     age: '28',
467 silly registry.get     'x-served-by': 'cache-atl6226-ATL',
467 silly registry.get     'x-cache': 'HIT',
467 silly registry.get     'x-cache-hits': '3',
467 silly registry.get     'x-timer': 'S1414510562.807549,VS0,VE0',
467 silly registry.get     vary: 'Accept',
467 silly registry.get     'content-length': '0',
467 silly registry.get     connection: 'close' } ]
468 verbose etag chalk from cache
469 silly addNameRange number 2 { name: 'chalk', range: '>=0.4.0-0 <0.5.0-0', hasData: true }
470 silly addNameRange versions [ 'chalk',
470 silly addNameRange   [ '0.1.0',
470 silly addNameRange     '0.1.1',
470 silly addNameRange     '0.2.0',
470 silly addNameRange     '0.2.1',
470 silly addNameRange     '0.3.0',
470 silly addNameRange     '0.4.0',
470 silly addNameRange     '0.5.0',
470 silly addNameRange     '0.5.1' ] ]
471 verbose addNamed [ 'chalk', '0.4.0' ]
472 verbose addNamed [ '0.4.0', '0.4.0' ]
473 silly lockFile 1efe4790-chalk-0-4-0 chalk@0.4.0
474 verbose lock chalk@0.4.0 /home/kurama/.npm/1efe4790-chalk-0-4-0.lock
475 http 304 https://registry.npmjs.org/wiredep
476 silly registry.get cb [ 304,
476 silly registry.get   { date: 'Tue, 28 Oct 2014 15:36:02 GMT',
476 silly registry.get     server: 'Apache',
476 silly registry.get     via: '1.1 varnish',
476 silly registry.get     'last-modified': 'Tue, 28 Oct 2014 15:36:02 GMT',
476 silly registry.get     'cache-control': 'max-age=60',
476 silly registry.get     etag: '"4KQYCHMDH0TA6N4THX0NWV2VK"',
476 silly registry.get     age: '10',
476 silly registry.get     'x-served-by': 'cache-atl6230-ATL',
476 silly registry.get     'x-cache': 'HIT',
476 silly registry.get     'x-cache-hits': '1',
476 silly registry.get     'x-timer': 'S1414510562.833834,VS0,VE0',
476 silly registry.get     vary: 'Accept',
476 silly registry.get     'content-length': '0',
476 silly registry.get     connection: 'close' } ]
477 verbose etag wiredep from cache
478 silly addNameRange number 2 { name: 'wiredep', range: '>=0.4.2-0 <0.5.0-0', hasData: true }
479 silly addNameRange versions [ 'wiredep',
479 silly addNameRange   [ '0.1.0',
479 silly addNameRange     '0.1.1',
479 silly addNameRange     '0.1.2',
479 silly addNameRange     '0.1.4',
479 silly addNameRange     '0.1.5',
479 silly addNameRange     '0.1.6',
479 silly addNameRange     '0.1.7',
479 silly addNameRange     '0.1.8',
479 silly addNameRange     '0.2.0',
479 silly addNameRange     '0.3.0',
479 silly addNameRange     '0.3.1',
479 silly addNameRange     '0.4.0',
479 silly addNameRange     '0.4.1',
479 silly addNameRange     '0.4.2',
479 silly addNameRange     '0.5.0',
479 silly addNameRange     '0.5.1',
479 silly addNameRange     '0.5.2',
479 silly addNameRange     '1.0.0',
479 silly addNameRange     '1.1.0',
479 silly addNameRange     '1.1.1',
479 silly addNameRange     '1.2.0',
479 silly addNameRange     '1.2.1',
479 silly addNameRange     '1.2.2',
479 silly addNameRange     '1.3.0',
479 silly addNameRange     '1.3.1',
479 silly addNameRange     '1.3.2',
479 silly addNameRange     '1.3.3',
479 silly addNameRange     '1.4.0',
479 silly addNameRange     '1.4.1',
479 silly addNameRange     '1.4.2',
479 silly addNameRange     '1.4.3',
479 silly addNameRange     '1.4.4',
479 silly addNameRange     '1.5.0',
479 silly addNameRange     '1.6.0',
479 silly addNameRange     '1.6.1',
479 silly addNameRange     '1.6.2',
479 silly addNameRange     '1.7.0',
479 silly addNameRange     '1.7.1',
479 silly addNameRange     '1.7.2',
479 silly addNameRange     '1.7.3',
479 silly addNameRange     '1.8.0',
479 silly addNameRange     '1.8.1',
479 silly addNameRange     '1.8.2',
479 silly addNameRange     '1.8.3',
479 silly addNameRange     '1.8.4',
479 silly addNameRange     '1.8.5',
479 silly addNameRange     '1.8.6' ] ]
480 verbose addNamed [ 'wiredep', '0.4.2' ]
481 verbose addNamed [ '0.4.2', '0.4.2' ]
482 silly lockFile 36764913-wiredep-0-4-2 wiredep@0.4.2
483 verbose lock wiredep@0.4.2 /home/kurama/.npm/36764913-wiredep-0-4-2.lock
484 silly lockFile 1efe4790-chalk-0-4-0 chalk@0.4.0
485 silly lockFile 1efe4790-chalk-0-4-0 chalk@0.4.0
486 silly lockFile bc9fb696-chalk-0-4-0 chalk@~0.4.0
487 silly lockFile bc9fb696-chalk-0-4-0 chalk@~0.4.0
488 silly lockFile 532742a3-js-org-wiredep-wiredep-0-4-2-tgz https://registry.npmjs.org/wiredep/-/wiredep-0.4.2.tgz
489 verbose lock https://registry.npmjs.org/wiredep/-/wiredep-0.4.2.tgz /home/kurama/.npm/532742a3-js-org-wiredep-wiredep-0-4-2-tgz.lock
490 verbose about to build /home/kurama/.nvm/v0.11.13/lib/node_modules/generator-angular-fullstack
491 info /home/kurama/.nvm/v0.11.13/lib/node_modules/generator-angular-fullstack unbuild
492 info preuninstall generator-angular-fullstack@2.0.13
493 verbose addRemoteTarball [ 'https://registry.npmjs.org/wiredep/-/wiredep-0.4.2.tgz',
493 verbose addRemoteTarball   '42d4cf07422576f26e3a04045edc163da101a66f' ]
494 info uninstall generator-angular-fullstack@2.0.13
495 verbose true,/home/kurama/.nvm/v0.11.13/lib/node_modules,/home/kurama/.nvm/v0.11.13/lib/node_modules unbuild generator-angular-fullstack@2.0.13
496 info postuninstall generator-angular-fullstack@2.0.13
497 http 304 https://registry.npmjs.org/yeoman-generator
498 silly registry.get cb [ 304,
498 silly registry.get   { date: 'Tue, 28 Oct 2014 15:36:02 GMT',
498 silly registry.get     server: 'Apache',
498 silly registry.get     via: '1.1 varnish',
498 silly registry.get     'last-modified': 'Tue, 28 Oct 2014 15:35:43 GMT',
498 silly registry.get     'cache-control': 'max-age=60',
498 silly registry.get     etag: '"87UBZ88DV8GEHCGNOZO9BF7RB"',
498 silly registry.get     age: '24',
498 silly registry.get     'x-served-by': 'cache-atl6224-ATL',
498 silly registry.get     'x-cache': 'HIT',
498 silly registry.get     'x-cache-hits': '2',
498 silly registry.get     'x-timer': 'S1414510562.866657,VS0,VE0',
498 silly registry.get     vary: 'Accept',
498 silly registry.get     'content-length': '0',
498 silly registry.get     connection: 'close' } ]
499 verbose etag yeoman-generator from cache
500 silly addNameRange number 2 { name: 'yeoman-generator',
500 silly addNameRange   range: '>=0.17.0-0 <0.18.0-0',
500 silly addNameRange   hasData: true }
501 silly addNameRange versions [ 'yeoman-generator',
501 silly addNameRange   [ '0.10.0',
501 silly addNameRange     '0.10.1',
501 silly addNameRange     '0.10.2',
501 silly addNameRange     '0.10.3',
501 silly addNameRange     '0.10.4',
501 silly addNameRange     '0.10.5',
501 silly addNameRange     '0.11.0',
501 silly addNameRange     '0.11.1',
501 silly addNameRange     '0.11.2',
501 silly addNameRange     '0.11.3',
501 silly addNameRange     '0.11.4',
501 silly addNameRange     '0.12.0',
501 silly addNameRange     '0.12.1',
501 silly addNameRange     '0.12.2',
501 silly addNameRange     '0.12.3',
501 silly addNameRange     '0.13.0',
501 silly addNameRange     '0.13.1',
501 silly addNameRange     '0.13.2',
501 silly addNameRange     '0.13.3',
501 silly addNameRange     '0.13.4',
501 silly addNameRange     '0.14.0-rc.1',
501 silly addNameRange     '0.14.0-rc.2',
501 silly addNameRange     '0.14.0',
501 silly addNameRange     '0.14.1',
501 silly addNameRange     '0.14.2',
501 silly addNameRange     '0.15.0-pre.1',
501 silly addNameRange     '0.15.0-pre.2',
501 silly addNameRange     '0.15.0-pre.3',
501 silly addNameRange     '0.15.0',
501 silly addNameRange     '0.16.0',
501 silly addNameRange     '0.17.0-pre.1',
501 silly addNameRange     '0.17.0-pre.2',
501 silly addNameRange     '0.17.0-pre.3',
501 silly addNameRange     '0.17.0-pre.4',
501 silly addNameRange     '0.17.0',
501 silly addNameRange     '0.17.1',
501 silly addNameRange     '0.17.2',
501 silly addNameRange     '0.17.3',
501 silly addNameRange     '0.17.4',
501 silly addNameRange     '0.17.5',
501 silly addNameRange     '0.17.6',
501 silly addNameRange     '0.17.7' ] ]
502 verbose addNamed [ 'yeoman-generator', '0.17.7' ]
503 verbose addNamed [ '0.17.7', '0.17.7' ]
504 silly lockFile b53dd7e0-yeoman-generator-0-17-7 yeoman-generator@0.17.7
505 verbose lock yeoman-generator@0.17.7 /home/kurama/.npm/b53dd7e0-yeoman-generator-0-17-7.lock
506 error Error: EACCES, open '/home/kurama/.npm/chalk/0.4.0/package/package.json'
506 error     at Error (native)
506 error  { [Error: EACCES, open '/home/kurama/.npm/chalk/0.4.0/package/package.json']
506 error   stack: 'Error: EACCES, open \'/home/kurama/.npm/chalk/0.4.0/package/package.json\'\n    at Error (native)',
506 error   errno: -13,
506 error   code: 'EACCES',
506 error   path: '/home/kurama/.npm/chalk/0.4.0/package/package.json',
506 error   parent: 'generator-angular-fullstack' }
507 error Please try running this command again as root/Administrator.
508 error System Linux 3.13.0-37-generic
509 error command "/home/kurama/.nvm/v0.11.13/bin/node" "/home/kurama/.nvm/v0.11.13/bin/npm" "install" "-g" "generator-angular-fullstack"
510 error cwd /home/kurama/Projects/nieldm.github.io
511 error node -v v0.11.13
512 error npm -v 1.4.9
513 error path /home/kurama/.npm/chalk/0.4.0/package/package.json
514 error code EACCES
515 error errno -13
516 error stack Error: EACCES, open '/home/kurama/.npm/chalk/0.4.0/package/package.json'
516 error stack     at Error (native)
517 verbose exit [ -13, true ]
